<?xml version="1.0" encoding="UTF-8"?>
<testsuite name="com.training.SpringFudamentSrpingBoot1.SpringFudamentSrpingBoot1ApplicationTests" tests="1" skipped="0" failures="0" errors="0" timestamp="2017-08-27T04:00:59" hostname="DESKTOP-3I6GHVJ" time="0.037">
  <properties/>
  <testcase name="contextLoads" classname="com.training.SpringFudamentSrpingBoot1.SpringFudamentSrpingBoot1ApplicationTests" time="0.037"/>
  <system-out><![CDATA[11:00:54.288 [Test worker] DEBUG org.springframework.test.context.junit4.SpringJUnit4ClassRunner - SpringJUnit4ClassRunner constructor called with [class com.training.SpringFudamentSrpingBoot1.SpringFudamentSrpingBoot1ApplicationTests]
11:00:54.294 [Test worker] DEBUG org.springframework.test.context.BootstrapUtils - Instantiating CacheAwareContextLoaderDelegate from class [org.springframework.test.context.cache.DefaultCacheAwareContextLoaderDelegate]
11:00:54.306 [Test worker] DEBUG org.springframework.test.context.BootstrapUtils - Instantiating BootstrapContext using constructor [public org.springframework.test.context.support.DefaultBootstrapContext(java.lang.Class,org.springframework.test.context.CacheAwareContextLoaderDelegate)]
11:00:54.324 [Test worker] DEBUG org.springframework.test.context.BootstrapUtils - Instantiating TestContextBootstrapper for test class [com.training.SpringFudamentSrpingBoot1.SpringFudamentSrpingBoot1ApplicationTests] from class [org.springframework.boot.test.context.SpringBootTestContextBootstrapper]
11:00:54.338 [Test worker] INFO org.springframework.boot.test.context.SpringBootTestContextBootstrapper - Neither @ContextConfiguration nor @ContextHierarchy found for test class [com.training.SpringFudamentSrpingBoot1.SpringFudamentSrpingBoot1ApplicationTests], using SpringBootContextLoader
11:00:54.342 [Test worker] DEBUG org.springframework.test.context.support.AbstractContextLoader - Did not detect default resource location for test class [com.training.SpringFudamentSrpingBoot1.SpringFudamentSrpingBoot1ApplicationTests]: class path resource [com/training/SpringFudamentSrpingBoot1/SpringFudamentSrpingBoot1ApplicationTests-context.xml] does not exist
11:00:54.343 [Test worker] DEBUG org.springframework.test.context.support.AbstractContextLoader - Did not detect default resource location for test class [com.training.SpringFudamentSrpingBoot1.SpringFudamentSrpingBoot1ApplicationTests]: class path resource [com/training/SpringFudamentSrpingBoot1/SpringFudamentSrpingBoot1ApplicationTestsContext.groovy] does not exist
11:00:54.343 [Test worker] INFO org.springframework.test.context.support.AbstractContextLoader - Could not detect default resource locations for test class [com.training.SpringFudamentSrpingBoot1.SpringFudamentSrpingBoot1ApplicationTests]: no resource found for suffixes {-context.xml, Context.groovy}.
11:00:54.344 [Test worker] INFO org.springframework.test.context.support.AnnotationConfigContextLoaderUtils - Could not detect default configuration classes for test class [com.training.SpringFudamentSrpingBoot1.SpringFudamentSrpingBoot1ApplicationTests]: SpringFudamentSrpingBoot1ApplicationTests does not declare any static, non-private, non-final, nested classes annotated with @Configuration.
11:00:54.403 [Test worker] DEBUG org.springframework.test.context.support.ActiveProfilesUtils - Could not find an 'annotation declaring class' for annotation type [org.springframework.test.context.ActiveProfiles] and class [com.training.SpringFudamentSrpingBoot1.SpringFudamentSrpingBoot1ApplicationTests]
11:00:54.418 [Test worker] DEBUG org.springframework.core.env.StandardEnvironment - Adding [systemProperties] PropertySource with lowest search precedence
11:00:54.418 [Test worker] DEBUG org.springframework.core.env.StandardEnvironment - Adding [systemEnvironment] PropertySource with lowest search precedence
11:00:54.419 [Test worker] DEBUG org.springframework.core.env.StandardEnvironment - Initialized StandardEnvironment with PropertySources [systemProperties,systemEnvironment]
11:00:54.430 [Test worker] DEBUG org.springframework.core.io.support.PathMatchingResourcePatternResolver - Resolved classpath location [com/training/SpringFudamentSrpingBoot1/] to resources [URL [file:/C:/Users/tomza/Documents/JavaDev/SpringFudamentSrpingBoot1/build/classes/test/com/training/SpringFudamentSrpingBoot1/], URL [file:/C:/Users/tomza/Documents/JavaDev/SpringFudamentSrpingBoot1/build/classes/main/com/training/SpringFudamentSrpingBoot1/]]
11:00:54.431 [Test worker] DEBUG org.springframework.core.io.support.PathMatchingResourcePatternResolver - Looking for matching resources in directory tree [C:\Users\tomza\Documents\JavaDev\SpringFudamentSrpingBoot1\build\classes\test\com\training\SpringFudamentSrpingBoot1]
11:00:54.431 [Test worker] DEBUG org.springframework.core.io.support.PathMatchingResourcePatternResolver - Searching directory [C:\Users\tomza\Documents\JavaDev\SpringFudamentSrpingBoot1\build\classes\test\com\training\SpringFudamentSrpingBoot1] for files matching pattern [C:/Users/tomza/Documents/JavaDev/SpringFudamentSrpingBoot1/build/classes/test/com/training/SpringFudamentSrpingBoot1/*.class]
11:00:54.435 [Test worker] DEBUG org.springframework.core.io.support.PathMatchingResourcePatternResolver - Looking for matching resources in directory tree [C:\Users\tomza\Documents\JavaDev\SpringFudamentSrpingBoot1\build\classes\main\com\training\SpringFudamentSrpingBoot1]
11:00:54.435 [Test worker] DEBUG org.springframework.core.io.support.PathMatchingResourcePatternResolver - Searching directory [C:\Users\tomza\Documents\JavaDev\SpringFudamentSrpingBoot1\build\classes\main\com\training\SpringFudamentSrpingBoot1] for files matching pattern [C:/Users/tomza/Documents/JavaDev/SpringFudamentSrpingBoot1/build/classes/main/com/training/SpringFudamentSrpingBoot1/*.class]
11:00:54.436 [Test worker] DEBUG org.springframework.core.io.support.PathMatchingResourcePatternResolver - Resolved location pattern [classpath*:com/training/SpringFudamentSrpingBoot1/*.class] to resources [file [C:\Users\tomza\Documents\JavaDev\SpringFudamentSrpingBoot1\build\classes\test\com\training\SpringFudamentSrpingBoot1\SpringFudamentSrpingBoot1ApplicationTests.class], file [C:\Users\tomza\Documents\JavaDev\SpringFudamentSrpingBoot1\build\classes\main\com\training\SpringFudamentSrpingBoot1\SpringFudamentSrpingBoot1Application.class]]
11:00:54.490 [Test worker] DEBUG org.springframework.context.annotation.ClassPathScanningCandidateComponentProvider - Identified candidate component class: file [C:\Users\tomza\Documents\JavaDev\SpringFudamentSrpingBoot1\build\classes\main\com\training\SpringFudamentSrpingBoot1\SpringFudamentSrpingBoot1Application.class]
11:00:54.491 [Test worker] INFO org.springframework.boot.test.context.SpringBootTestContextBootstrapper - Found @SpringBootConfiguration com.training.SpringFudamentSrpingBoot1.SpringFudamentSrpingBoot1Application for test class com.training.SpringFudamentSrpingBoot1.SpringFudamentSrpingBoot1ApplicationTests
11:00:54.495 [Test worker] DEBUG org.springframework.boot.test.context.SpringBootTestContextBootstrapper - @TestExecutionListeners is not present for class [com.training.SpringFudamentSrpingBoot1.SpringFudamentSrpingBoot1ApplicationTests]: using defaults.
11:00:54.501 [Test worker] INFO org.springframework.boot.test.context.SpringBootTestContextBootstrapper - Loaded default TestExecutionListener class names from location [META-INF/spring.factories]: [org.springframework.boot.test.mock.mockito.MockitoTestExecutionListener, org.springframework.boot.test.mock.mockito.ResetMocksTestExecutionListener, org.springframework.boot.test.autoconfigure.restdocs.RestDocsTestExecutionListener, org.springframework.boot.test.autoconfigure.web.client.MockRestServiceServerResetTestExecutionListener, org.springframework.boot.test.autoconfigure.web.servlet.MockMvcPrintOnlyOnFailureTestExecutionListener, org.springframework.boot.test.autoconfigure.web.servlet.WebDriverTestExecutionListener, org.springframework.test.context.web.ServletTestExecutionListener, org.springframework.test.context.support.DirtiesContextBeforeModesTestExecutionListener, org.springframework.test.context.support.DependencyInjectionTestExecutionListener, org.springframework.test.context.support.DirtiesContextTestExecutionListener, org.springframework.test.context.transaction.TransactionalTestExecutionListener, org.springframework.test.context.jdbc.SqlScriptsTestExecutionListener]
11:00:54.535 [Test worker] INFO org.springframework.boot.test.context.SpringBootTestContextBootstrapper - Using TestExecutionListeners: [org.springframework.test.context.web.ServletTestExecutionListener@3984f485, org.springframework.test.context.support.DirtiesContextBeforeModesTestExecutionListener@2b4e5459, org.springframework.boot.test.autoconfigure.SpringBootDependencyInjectionTestExecutionListener@625c5450, org.springframework.test.context.support.DirtiesContextTestExecutionListener@dc7e2, org.springframework.test.context.transaction.TransactionalTestExecutionListener@1eb32bba, org.springframework.test.context.jdbc.SqlScriptsTestExecutionListener@470658a9, org.springframework.boot.test.autoconfigure.restdocs.RestDocsTestExecutionListener@47787acd, org.springframework.boot.test.mock.mockito.ResetMocksTestExecutionListener@29a48717, org.springframework.boot.test.autoconfigure.web.client.MockRestServiceServerResetTestExecutionListener@2ecd9762, org.springframework.boot.test.autoconfigure.web.servlet.MockMvcPrintOnlyOnFailureTestExecutionListener@5b7b5102, org.springframework.boot.test.mock.mockito.MockitoTestExecutionListener@5fd1f6b2, org.springframework.boot.test.autoconfigure.web.servlet.WebDriverTestExecutionListener@52404e60]
11:00:54.540 [Test worker] DEBUG org.springframework.test.annotation.ProfileValueUtils - Retrieved @ProfileValueSourceConfiguration [null] for test class [com.training.SpringFudamentSrpingBoot1.SpringFudamentSrpingBoot1ApplicationTests]
11:00:54.540 [Test worker] DEBUG org.springframework.test.annotation.ProfileValueUtils - Retrieved ProfileValueSource type [class org.springframework.test.annotation.SystemProfileValueSource] for class [com.training.SpringFudamentSrpingBoot1.SpringFudamentSrpingBoot1ApplicationTests]
11:00:54.541 [Test worker] DEBUG org.springframework.test.annotation.ProfileValueUtils - Retrieved @ProfileValueSourceConfiguration [null] for test class [com.training.SpringFudamentSrpingBoot1.SpringFudamentSrpingBoot1ApplicationTests]
11:00:54.541 [Test worker] DEBUG org.springframework.test.annotation.ProfileValueUtils - Retrieved ProfileValueSource type [class org.springframework.test.annotation.SystemProfileValueSource] for class [com.training.SpringFudamentSrpingBoot1.SpringFudamentSrpingBoot1ApplicationTests]
11:00:54.561 [Test worker] DEBUG org.springframework.test.context.support.AbstractDirtiesContextTestExecutionListener - Before test class: context [DefaultTestContext@3a3666c4 testClass = SpringFudamentSrpingBoot1ApplicationTests, testInstance = [null], testMethod = [null], testException = [null], mergedContextConfiguration = [WebMergedContextConfiguration@6de06eca testClass = SpringFudamentSrpingBoot1ApplicationTests, locations = '{}', classes = '{class com.training.SpringFudamentSrpingBoot1.SpringFudamentSrpingBoot1Application}', contextInitializerClasses = '[]', activeProfiles = '{}', propertySourceLocations = '{}', propertySourceProperties = '{org.springframework.boot.test.context.SpringBootTestContextBootstrapper=true}', contextCustomizers = set[org.springframework.boot.test.context.SpringBootTestContextCustomizer@63f9cb3c, org.springframework.boot.test.context.filter.ExcludeFilterContextCustomizer@19cbaf85, org.springframework.boot.test.json.DuplicateJsonObjectContextCustomizerFactory$DuplicateJsonObjectContextCustomizer@6adb83b0, org.springframework.boot.test.mock.mockito.MockitoContextCustomizer@0, org.springframework.boot.test.autoconfigure.properties.PropertyMappingContextCustomizer@0, org.springframework.boot.test.autoconfigure.web.servlet.WebDriverContextCustomizerFactory$Customizer@3b64a47], resourceBasePath = 'src/main/webapp', contextLoader = 'org.springframework.boot.test.context.SpringBootContextLoader', parent = [null]]], class annotated with @DirtiesContext [false] with mode [null].
11:00:54.562 [Test worker] DEBUG org.springframework.test.annotation.ProfileValueUtils - Retrieved @ProfileValueSourceConfiguration [null] for test class [com.training.SpringFudamentSrpingBoot1.SpringFudamentSrpingBoot1ApplicationTests]
11:00:54.562 [Test worker] DEBUG org.springframework.test.annotation.ProfileValueUtils - Retrieved ProfileValueSource type [class org.springframework.test.annotation.SystemProfileValueSource] for class [com.training.SpringFudamentSrpingBoot1.SpringFudamentSrpingBoot1ApplicationTests]
11:00:54.643 [Test worker] DEBUG org.springframework.core.env.StandardEnvironment - Adding [systemProperties] PropertySource with lowest search precedence
11:00:54.644 [Test worker] DEBUG org.springframework.core.env.StandardEnvironment - Adding [systemEnvironment] PropertySource with lowest search precedence
11:00:54.644 [Test worker] DEBUG org.springframework.core.env.StandardEnvironment - Initialized StandardEnvironment with PropertySources [systemProperties,systemEnvironment]
11:00:54.646 [Test worker] DEBUG org.springframework.core.env.MutablePropertySources - Adding [inline] PropertySource with highest search precedence
11:00:54.653 [Test worker] DEBUG org.springframework.test.context.support.TestPropertySourceUtils - Adding inlined properties to environment: {spring.jmx.enabled=false, org.springframework.boot.test.context.SpringBootTestContextBootstrapper=true, server.port=-1}
11:00:54.653 [Test worker] DEBUG org.springframework.core.env.StandardEnvironment - Adding [Inlined Test Properties] PropertySource with highest search precedence

  .   ____          _            __ _ _
 /\\ / ___'_ __ _ _(_)_ __  __ _ \ \ \ \
( ( )\___ | '_ | '_| | '_ \/ _` | \ \ \ \
 \\/  ___)| |_)| | | | | || (_| |  ) ) ) )
  '  |____| .__|_| |_|_| |_\__, | / / / /
 =========|_|==============|___/=/_/_/_/
 :: Spring Boot ::        (v1.5.6.RELEASE)

2017-08-27 11:00:54.970  INFO 4720 --- [    Test worker] pringFudamentSrpingBoot1ApplicationTests : Starting SpringFudamentSrpingBoot1ApplicationTests on DESKTOP-3I6GHVJ with PID 4720 (started by tomza in C:\Users\tomza\Documents\JavaDev\SpringFudamentSrpingBoot1)
2017-08-27 11:00:54.971  INFO 4720 --- [    Test worker] pringFudamentSrpingBoot1ApplicationTests : No active profile set, falling back to default profiles: default
2017-08-27 11:00:55.034  INFO 4720 --- [    Test worker] o.s.w.c.s.GenericWebApplicationContext   : Refreshing org.springframework.web.context.support.GenericWebApplicationContext@14e18b77: startup date [Sun Aug 27 11:00:55 ICT 2017]; root of context hierarchy
2017-08-27 11:00:57.516  INFO 4720 --- [    Test worker] j.LocalContainerEntityManagerFactoryBean : Building JPA container EntityManagerFactory for persistence unit 'default'
2017-08-27 11:00:57.541  INFO 4720 --- [    Test worker] o.hibernate.jpa.internal.util.LogHelper  : HHH000204: Processing PersistenceUnitInfo [
	name: default
	...]
2017-08-27 11:00:57.635  INFO 4720 --- [    Test worker] org.hibernate.Version                    : HHH000412: Hibernate Core {5.0.12.Final}
2017-08-27 11:00:57.637  INFO 4720 --- [    Test worker] org.hibernate.cfg.Environment            : HHH000206: hibernate.properties not found
2017-08-27 11:00:57.639  INFO 4720 --- [    Test worker] org.hibernate.cfg.Environment            : HHH000021: Bytecode provider name : javassist
2017-08-27 11:00:57.686  INFO 4720 --- [    Test worker] o.hibernate.annotations.common.Version   : HCANN000001: Hibernate Commons Annotations {5.0.1.Final}
2017-08-27 11:00:57.809  INFO 4720 --- [    Test worker] org.hibernate.dialect.Dialect            : HHH000400: Using dialect: org.hibernate.dialect.H2Dialect
2017-08-27 11:00:58.180  INFO 4720 --- [    Test worker] org.hibernate.tool.hbm2ddl.SchemaExport  : HHH000227: Running hbm2ddl schema export
2017-08-27 11:00:58.186  INFO 4720 --- [    Test worker] org.hibernate.tool.hbm2ddl.SchemaExport  : HHH000230: Schema export complete
2017-08-27 11:00:58.221  INFO 4720 --- [    Test worker] j.LocalContainerEntityManagerFactoryBean : Initialized JPA EntityManagerFactory for persistence unit 'default'
2017-08-27 11:00:58.951  INFO 4720 --- [    Test worker] s.w.s.m.m.a.RequestMappingHandlerAdapter : Looking for @ControllerAdvice: org.springframework.web.context.support.GenericWebApplicationContext@14e18b77: startup date [Sun Aug 27 11:00:55 ICT 2017]; root of context hierarchy
2017-08-27 11:00:59.050  INFO 4720 --- [    Test worker] s.w.s.m.m.a.RequestMappingHandlerMapping : Mapped "{[/error]}" onto public org.springframework.http.ResponseEntity<java.util.Map<java.lang.String, java.lang.Object>> org.springframework.boot.autoconfigure.web.BasicErrorController.error(javax.servlet.http.HttpServletRequest)
2017-08-27 11:00:59.052  INFO 4720 --- [    Test worker] s.w.s.m.m.a.RequestMappingHandlerMapping : Mapped "{[/error],produces=[text/html]}" onto public org.springframework.web.servlet.ModelAndView org.springframework.boot.autoconfigure.web.BasicErrorController.errorHtml(javax.servlet.http.HttpServletRequest,javax.servlet.http.HttpServletResponse)
2017-08-27 11:00:59.103  INFO 4720 --- [    Test worker] o.s.w.s.handler.SimpleUrlHandlerMapping  : Mapped URL path [/webjars/**] onto handler of type [class org.springframework.web.servlet.resource.ResourceHttpRequestHandler]
2017-08-27 11:00:59.104  INFO 4720 --- [    Test worker] o.s.w.s.handler.SimpleUrlHandlerMapping  : Mapped URL path [/**] onto handler of type [class org.springframework.web.servlet.resource.ResourceHttpRequestHandler]
2017-08-27 11:00:59.158  INFO 4720 --- [    Test worker] o.s.w.s.handler.SimpleUrlHandlerMapping  : Mapped URL path [/**/favicon.ico] onto handler of type [class org.springframework.web.servlet.resource.ResourceHttpRequestHandler]
2017-08-27 11:00:59.593  INFO 4720 --- [    Test worker] pringFudamentSrpingBoot1ApplicationTests : Started SpringFudamentSrpingBoot1ApplicationTests in 4.925 seconds (JVM running for 6.24)
]]></system-out>
  <system-err><![CDATA[]]></system-err>
</testsuite>
